<?xml version="1.0" encoding="UTF-8"?>
<testng-results skipped="0" failed="0" ignored="0" total="1" passed="1">
  <reporter-output>
  </reporter-output>
  <suite name="Default suite" duration-ms="49" started-at="2017-05-27T20:29:33Z" finished-at="2017-05-27T20:29:33Z">
    <groups>
    </groups>
    <test name="Default test" duration-ms="49" started-at="2017-05-27T20:29:33Z" finished-at="2017-05-27T20:29:33Z">
      <class name="core.AppTest">
        <test-method status="PASS" signature="test()[pri:0, instance:core.AppTest@2344fc66]" name="test" duration-ms="16" started-at="2017-05-27T13:29:33Z" finished-at="2017-05-27T13:29:33Z">
          <reporter-output>
          </reporter-output>
        </test-method> <!-- test -->
      </class> <!-- core.AppTest -->
    </test> <!-- Default test -->
  </suite> <!-- Default suite -->
</testng-results>
